# [I 2024-08-23 01:06:45,293] Trial 0 finished with value: 0.7335322690010071 and parameters: {'n_layers_di': 28, 'n_units_di_l0': 137, 'dropout_l0': 0.34146481054887756, 'n_units_di_l1': 142, 'dropout_l1': 0.3541134367750153, 'n_units_di_l2': 289, 'dropout_l2': 0.41400707804378145, 'n_units_di_l3': 372, 'dropout_l3': 0.24389440421004305, 'n_units_di_l4': 171, 'dropout_l4': 0.3922285396632153, 'n_units_di_l5': 179, 'dropout_l5': 0.0902228286658554, 'n_units_di_l6': 368, 'dropout_l6': 0.18018658728378806, 'n_units_di_l7': 456, 'dropout_l7': 0.24105409138651213, 'n_units_di_l8': 430, 'dropout_l8': 0.20522903646672158, 'n_units_di_l9': 65, 'dropout_l9': 0.43151151606091015, 'n_units_di_l10': 319, 'dropout_l10': 0.14311999348557508, 'n_units_di_l11': 425, 'dropout_l11': 0.2289870907331999, 'n_units_di_l12': 168, 'dropout_l12': 0.3279297251565533, 'n_units_di_l13': 189, 'dropout_l13': 0.16177300735066913, 'n_units_di_l14': 171, 'dropout_l14': 0.195132799431311, 'n_units_di_l15': 405, 'dropout_l15': 0.0009450975330277944, 'n_units_di_l16': 194, 'dropout_l16': 0.11852158882393338, 'n_units_di_l17': 492, 'dropout_l17': 0.00664864526970238, 'n_units_di_l18': 54, 'dropout_l18': 0.10017724650822973, 'n_units_di_l19': 50, 'dropout_l19': 0.21906724297614177, 'n_units_di_l20': 73, 'dropout_l20': 0.27600514321899233, 'n_units_di_l21': 47, 'dropout_l21': 0.08312377861177311, 'n_units_di_l22': 98, 'dropout_l22': 0.2775717439769265, 'n_units_di_l23': 264, 'dropout_l23': 0.40248971350900486, 'n_units_di_l24': 172, 'dropout_l24': 0.28372167105190954, 'n_units_di_l25': 421, 'dropout_l25': 0.3421972428477292, 'n_units_di_l26': 85, 'dropout_l26': 0.39930037395642837, 'n_units_di_l27': 329, 'dropout_l27': 0.3282931992903736, 'lrd': 0.048145284536335736, 'beta1d': 0.7514464237079014, 'beta2d': 0.9725088153894389}. Best is trial 0 with value: 0.7335322690010071.
# [I 2024-08-23 02:39:38,536] Trial 1 finished with value: 0.6935158807039261 and parameters: {'n_layers_di': 28, 'n_units_di_l0': 201, 'dropout_l0': 0.04104446508483589, 'n_units_di_l1': 309, 'dropout_l1': 0.13638471710881284, 'n_units_di_l2': 284, 'dropout_l2': 0.433775451450192, 'n_units_di_l3': 66, 'dropout_l3': 0.09578564922267335, 'n_units_di_l4': 176, 'dropout_l4': 0.2826452099138761, 'n_units_di_l5': 93, 'dropout_l5': 0.4140934888490146, 'n_units_di_l6': 225, 'dropout_l6': 0.006235755606376847, 'n_units_di_l7': 495, 'dropout_l7': 0.2666453966255024, 'n_units_di_l8': 456, 'dropout_l8': 0.2902363617947019, 'n_units_di_l9': 447, 'dropout_l9': 0.36955640078826457, 'n_units_di_l10': 238, 'dropout_l10': 0.33252623279450944, 'n_units_di_l11': 511, 'dropout_l11': 0.4971697080354652, 'n_units_di_l12': 368, 'dropout_l12': 0.08474843941864718, 'n_units_di_l13': 326, 'dropout_l13': 0.004826946018196054, 'n_units_di_l14': 485, 'dropout_l14': 0.18560779425240242, 'n_units_di_l15': 140, 'dropout_l15': 0.26324323885732, 'n_units_di_l16': 69, 'dropout_l16': 0.17751169736270578, 'n_units_di_l17': 155, 'dropout_l17': 0.18582673782206838, 'n_units_di_l18': 472, 'dropout_l18': 0.13050808507715939, 'n_units_di_l19': 71, 'dropout_l19': 0.250038989370521, 'n_units_di_l20': 354, 'dropout_l20': 0.00896265042480654, 'n_units_di_l21': 90, 'dropout_l21': 0.024001597883306358, 'n_units_di_l22': 358, 'dropout_l22': 0.07822461526957614, 'n_units_di_l23': 245, 'dropout_l23': 0.4201200870016977, 'n_units_di_l24': 409, 'dropout_l24': 0.01586928193817555, 'n_units_di_l25': 135, 'dropout_l25': 0.057345533791874514, 'n_units_di_l26': 512, 'dropout_l26': 0.06299003599459585, 'n_units_di_l27': 147, 'dropout_l27': 0.3944843530872543, 'lrd': 8.81782846132046e-05, 'beta1d': 0.7550380003374881, 'beta2d': 0.9573989879160437}. Best is trial 1 with value: 0.6935158807039261.
# [I 2024-08-23 04:10:52,340] Trial 2 finished with value: 0.6940011477470398 and parameters: {'n_layers_di': 30, 'n_units_di_l0': 119, 'dropout_l0': 0.054814173042958436, 'n_units_di_l1': 215, 'dropout_l1': 0.11729590104187138, 'n_units_di_l2': 222, 'dropout_l2': 0.01203422399796994, 'n_units_di_l3': 372, 'dropout_l3': 0.24090432689768448, 'n_units_di_l4': 279, 'dropout_l4': 0.4391343223644175, 'n_units_di_l5': 220, 'dropout_l5': 0.17466318685015148, 'n_units_di_l6': 249, 'dropout_l6': 0.34191105590804205, 'n_units_di_l7': 203, 'dropout_l7': 0.20927817861023806, 'n_units_di_l8': 398, 'dropout_l8': 0.43364693925410147, 'n_units_di_l9': 88, 'dropout_l9': 0.4641916208076488, 'n_units_di_l10': 99, 'dropout_l10': 0.052867878389609546, 'n_units_di_l11': 426, 'dropout_l11': 0.03710441469708908, 'n_units_di_l12': 74, 'dropout_l12': 0.04206558691762313, 'n_units_di_l13': 163, 'dropout_l13': 0.036415164391322086, 'n_units_di_l14': 155, 'dropout_l14': 0.45841885060655285, 'n_units_di_l15': 510, 'dropout_l15': 0.39026496478961686, 'n_units_di_l16': 398, 'dropout_l16': 0.11573883606278612, 'n_units_di_l17': 399, 'dropout_l17': 0.07895354946642541, 'n_units_di_l18': 478, 'dropout_l18': 0.20680292253368987, 'n_units_di_l19': 111, 'dropout_l19': 0.16029866679150584, 'n_units_di_l20': 114, 'dropout_l20': 0.2616951259914552, 'n_units_di_l21': 59, 'dropout_l21': 0.23675432676060865, 'n_units_di_l22': 165, 'dropout_l22': 0.3658764006614752, 'n_units_di_l23': 268, 'dropout_l23': 0.042917033010746064, 'n_units_di_l24': 50, 'dropout_l24': 0.14432479800687859, 'n_units_di_l25': 421, 'dropout_l25': 0.42938959383727493, 'n_units_di_l26': 140, 'dropout_l26': 0.22701647676192732, 'n_units_di_l27': 458, 'dropout_l27': 0.29316096245112605, 'n_units_di_l28': 77, 'dropout_l28': 0.4021724395725551, 'n_units_di_l29': 331, 'dropout_l29': 0.22311674510105817, 'lrd': 0.0031079110766642003, 'beta1d': 0.5837376222564348, 'beta2d': 0.990979449948866}. Best is trial 1 with value: 0.6935158807039261.
# Trial 6 finished with value: 0.6930056875944137 and parameters: {'n_layers_di': 18, 'n_units_di_l0': 37, 'dropout_l0': 0.3953108842666025, 'n_units_di_l1': 446, 'dropout_l1': 0.46275164457331813, 'n_units_di_l2': 298, 'dropout_l2': 0.41439725774646496, 'n_units_di_l3': 336, 'dropout_l3': 0.38235687521714845, 'n_units_di_l4': 395, 'dropout_l4': 0.4162961310002777, 'n_units_di_l5': 263, 'dropout_l5': 0.40417908930241075, 'n_units_di_l6': 197, 'dropout_l6': 0.3063286162663691, 'n_units_di_l7': 302, 'dropout_l7': 0.45484754782914616, 'n_units_di_l8': 497, 'dropout_l8': 0.23592196910697666, 'n_units_di_l9': 278, 'dropout_l9': 0.33283213596440575, 'n_units_di_l10': 320, 'dropout_l10': 0.38006464784065536, 'n_units_di_l11': 502, 'dropout_l11': 0.15037293254215617, 'n_units_di_l12': 81, 'dropout_l12': 0.4906454386348957, 'n_units_di_l13': 407, 'dropout_l13': 0.4439607716761734, 'n_units_di_l14': 302, 'dropout_l14': 0.18318849312157814, 'n_units_di_l15': 322, 'dropout_l15': 0.345179737062177, 'n_units_di_l16': 286, 'dropout_l16': 0.16306932470098257, 'n_units_di_l17': 65, 'dropout_l17': 0.4407439993652657, 'lrd': 0.0003537881190733828, 'beta1d': 0.7986571988762406, 'beta2d': 0.9520849581646436}. Best is trial 6 with value: 0.6930056875944137.
